Academic Background
ACADEMIC BACKGROUND
Academic Experience
ACADEMIC EXPERIENCE
Academic Training
ACADEMIC TRAINING
Apprenticeships
APPRENTICESHIPS
Certifications
CERTIFICATIONS
College Activities
COLLEGE ACTIVITIES
Course Project Experience
COURSE PROJECT EXPERIENCE
Courses
COURSES
Education
EDUCATION
Education and Training
EDUCATION AND TRAINING
Educational Background
EDUCATIONAL BACKGROUND
Educational Qualifications
EDUCATIONAL QUALIFICATIONS
Educational Training
EDUCATIONAL TRAINING
Internship Experience
INTERNSHIP EXPERIENCE
Internships
INTERNSHIPS
Professional Training
PROFESSIONAL TRAINING
Programs
PROGRAMS
Related Course Projects
RELATED COURSE PROJECTS
Related Courses
RELATED COURSES
Special Training
SPECIAL TRAINING
Study
STUDY
Training
TRAINING
Workshop
WORKSHOP
Workshops
WORKSHOPS
