Activities
ACTIVITIES
Activities and Honors
ACTIVITIES AND HONORS
Affiliations
AFFILIATIONS
Associations
ASSOCIATIONS
Athletic Involvement
ATHLETIC INVOLVEMENT
Civic Activities
CIVIC ACTIVITIES
Community Involvement
COMMUNITY INVOLVEMENT
Extra-Curricular Activities
EXTRA-CURRICULAR ACTIVITIES
Honors
HONORS
Memberships
MEMBERSHIPS
Professional Activities
PROFESSIONAL ACTIVITIES
Professional Affiliations
PROFESSIONAL AFFILIATIONS
Professional Associations
PROFESSIONAL ASSOCIATIONS
Professional Memberships
PROFESSIONAL MEMBERSHIPS
Volunteer Experience
VOLUNTEER EXPERIENCE
Volunteer Work
VOLUNTEER WORK
