Abilities
ABILITIES
Areas of Experience
AREAS OF EXPERIENCE
Areas of Expertise
AREAS OF EXPERTISE
Areas of Knowledge
AREAS OF KNOWLEDGE
Career Related Skills
CAREER RELATED SKILLS
Computer Knowledge
COMPUTER KNOWLEDGE
Computer Skills
COMPUTER SKILLS
Credentials
CREDENTIALS
Expertise
EXPERTISE
Language Competencies and Skills
LANGUAGE COMPETENCIES AND SKILLS
Languages
LANGUAGES
Professional Skills
PROFESSIONAL SKILLS
Proficiencies
PROFICIENCIES
Programming Languages
PROGRAMMING LANGUAGES
Qualifications
QUALIFICATIONS
Skills
SKILLS
Specialized Skills
SPECIALIZED SKILLS
Technical Experience
TECHNICAL EXPERIENCE
Technical Skills
TECHNICAL SKILLS
Technologies
TECHNOLOGIES
