Additional Experience
ADDITIONAL EXPERIENCE
Army Experience
ARMY EXPERIENCE
Career Related Experience
CAREER RELATED EXPERIENCE
Employment History
EMPLOYMENT HISTORY
Experience
EXPERIENCE
Freelance
FREELANCE
Freelance Experience
FREELANCE EXPERIENCE
Military Background
MILITARY BACKGROUND
Military Experience
MILITARY EXPERIENCE
Professional Background
PROFESSIONAL BACKGROUND
Professional Experience
PROFESSIONAL EXPERIENCE
Related Experience
RELATED EXPERIENCE
Work Experience
WORK EXPERIENCE
Work History
WORK HISTORY
