ACADEMIC BACKGROUND
Academic Background
ACADEMIC EXPERIENCE
Academic Experience
ACADEMIC TRAINING
Academic Training
APPRENTICESHIPS
Apprenticeships
CERTIFICATION
Certification
CERTIFICATIONS
Certifications
COLLEGE ACTIVITIES
College Activities
COURSE PROJECT EXPERIENCE
Course Project Experience
COURSES
Courses
EDUCATION
Education
EDUCATION AND TRAINING
Education and Training
EDUCATIONAL BACKGROUND
Educational Background
EDUCATIONAL QUALIFICATIONS
Educational Qualifications
EDUCATIONAL TRAINING
Educational Training
INTERNSHIP EXPERIENCE
Internship Experience
INTERNSHIPS
Internships
PROFESSIONAL TRAINING
Professional Training
PROGRAMS
Programs
PROJECT
Project
Projects
PROJECTS
Related Course Projects
RELATED COURSE PROJECTS
RELATED COURSES
Related Courses
Special Training
SPECIAL TRAINING
STUDY
Study
TRAINING
Training
Workshop
WORKSHOP
WORKSHOPS
Workshops